[2026-04-10T19:11:03Z] === ENRICH ITERATION 1 START | repo=ruby/rake sha=f0001c3e ===
[2026-04-10T19:11:03Z] [iter=1] PHASE START: enrich repo=ruby/rake sha=f0001c3e runlog=/home/runner/work/forx/forx/storage/aggregate/lsp/logs/f0001c3e-enrich-iter-001.log output=/home/runner/work/forx/forx/storage/aggregate/lsp/f0001c3eeada8220f2976170876c75d21ed0626f.nq.gz
[2026-04-10T19:11:05Z] [iter=1] Step 1: Loading AST into disk-backed store mem_mb=78 MB
[2026-04-10T19:11:07Z] [iter=1] AST store loaded triples=346094 load_secs=2 mem_mb=550 MB
[2026-04-10T19:11:07Z] [iter=1] Step 2: Finding LSP targets mem_mb=550 MB
[2026-04-10T19:11:09Z] [iter=1] LSP targets found call_sites=5963 imports=0 extends=0 implements=0 secs=1
[2026-04-10T19:11:10Z] [iter=1] Step 2.7: Building position index (one-shot, shared across resolvers) mem_mb=550 MB
[2026-04-10T19:11:12Z] [iter=1] Position index built positions=23623 nodes_with_types=29573 secs=2 mem_mb=550 MB
[2026-04-10T19:11:12Z] [iter=1] Step 3: Starting LSP resolution mem_mb=550 MB already_completed_types=[] already_completed_files=0
[2026-04-10T19:11:12Z] [iter=1] Resolving target type target_type=call_site count=5963
[2026-04-10T19:11:42Z] [iter=1] HEARTBEAT target_type=call_site elapsed_min=0.6 files_done=3 resolved=84 errors=169 current=test/test_rake_file_utils.rb
[2026-04-10T19:12:18Z] [iter=1] HEARTBEAT target_type=call_site elapsed_min=1.2 files_done=7 resolved=141 errors=411 current=test/test_rake_path_map.rb
[2026-04-10T19:12:52Z] [iter=1] HEARTBEAT target_type=call_site elapsed_min=1.8 files_done=9 resolved=169 errors=605 current=test/test_private_reader.rb
[2026-04-10T19:13:39Z] [iter=1] HEARTBEAT target_type=call_site elapsed_min=2.6 files_done=13 resolved=220 errors=943 current=lib/rake/application.rb
[2026-04-10T19:14:15Z] [iter=1] HEARTBEAT target_type=call_site elapsed_min=3.2 files_done=14 resolved=333 errors=1200 current=lib/rake/task_arguments.rb
[2026-04-10T19:14:47Z] [iter=1] HEARTBEAT target_type=call_site elapsed_min=3.7 files_done=21 resolved=388 errors=1431 current=lib/rake/invocation_chain.rb
[2026-04-10T19:15:20Z] [iter=1] HEARTBEAT target_type=call_site elapsed_min=4.3 files_done=28 resolved=442 errors=1671 current=test/test_rake_reduce_compat.rb
[2026-04-10T19:16:08Z] [iter=1] HEARTBEAT target_type=call_site elapsed_min=5.1 files_done=37 resolved=540 errors=2017 current=test/test_rake_rules.rb
[2026-04-10T19:16:44Z] [iter=1] HEARTBEAT target_type=call_site elapsed_min=5.7 files_done=44 resolved=576 errors=2270 current=test/test_rake_invocation_chain.rb
[2026-04-10T19:17:25Z] [iter=1] HEARTBEAT target_type=call_site elapsed_min=6.4 files_done=57 resolved=663 errors=2567 current=lib/rake/ext/core.rb
[2026-04-10T19:17:57Z] [iter=1] HEARTBEAT target_type=call_site elapsed_min=6.9 files_done=74 resolved=782 errors=2783 current=lib/rake/phony.rb
[2026-04-10T19:18:09Z] [iter=1] Target type resolved target_type=call_site resolved=874 errors=2841 secs=417 mem_mb=550 MB
[2026-04-10T19:18:15Z] [iter=1] Step 5: Writing final enrichment file triples=36437
[2026-04-10T19:18:15Z] [iter=1] Enrichment file written path=/home/runner/work/forx/forx/storage/aggregate/lsp/f0001c3eeada8220f2976170876c75d21ed0626f.nq.gz size_kb=638
[2026-04-10T19:18:15Z] [iter=1] PHASE END: enrich elapsed_s=432 elapsed_min=7.2 total_triples=36437
